<?xml version="1.0" encoding="UTF-8"?>
<testsuite xmlns:xsi="http://www.w3.org/2001/XMLSchema-instance" xsi:noNamespaceSchemaLocation="https://maven.apache.org/surefire/maven-surefire-plugin/xsd/surefire-test-report.xsd" name="rocks.nifi.processors.SNMP.TrapSNMPTest" time="0.439" tests="1" errors="0" skipped="0" failures="0">
  <properties>
    <property name="sun.desktop" value="gnome"/>
    <property name="awt.toolkit" value="sun.awt.X11.XToolkit"/>
    <property name="file.encoding.pkg" value="sun.io"/>
    <property name="java.specification.version" value="1.8"/>
    <property name="sun.cpu.isalist" value=""/>
    <property name="sun.jnu.encoding" value="UTF-8"/>
    <property name="java.class.path" value="/home/marxj/Asztal/Egyetem/2018-2019-2/szakdolgozat/TrapSNMP_2/nifi-SNMP-processors/target/test-classes:/home/marxj/Asztal/Egyetem/2018-2019-2/szakdolgozat/TrapSNMP_2/nifi-SNMP-processors/target/classes:/home/marxj/.m2/repository/org/apache/nifi/nifi-api/1.9.2/nifi-api-1.9.2.jar:/home/marxj/.m2/repository/org/apache/nifi/nifi-utils/1.9.2/nifi-utils-1.9.2.jar:/home/marxj/.m2/repository/org/apache/nifi/nifi-mock/1.9.2/nifi-mock-1.9.2.jar:/home/marxj/.m2/repository/org/apache/nifi/nifi-framework-api/1.9.2/nifi-framework-api-1.9.2.jar:/home/marxj/.m2/repository/org/apache/nifi/nifi-expression-language/1.9.2/nifi-expression-language-1.9.2.jar:/home/marxj/.m2/repository/org/antlr/antlr-runtime/3.5.2/antlr-runtime-3.5.2.jar:/home/marxj/.m2/repository/com/jayway/jsonpath/json-path/2.4.0/json-path-2.4.0.jar:/home/marxj/.m2/repository/net/minidev/json-smart/2.3/json-smart-2.3.jar:/home/marxj/.m2/repository/net/minidev/accessors-smart/1.2/accessors-smart-1.2.jar:/home/marxj/.m2/repository/org/ow2/asm/asm/5.0.4/asm-5.0.4.jar:/home/marxj/.m2/repository/com/fasterxml/jackson/core/jackson-databind/2.9.7/jackson-databind-2.9.7.jar:/home/marxj/.m2/repository/com/fasterxml/jackson/core/jackson-annotations/2.9.0/jackson-annotations-2.9.0.jar:/home/marxj/.m2/repository/com/fasterxml/jackson/core/jackson-core/2.9.7/jackson-core-2.9.7.jar:/home/marxj/.m2/repository/org/apache/commons/commons-text/1.4/commons-text-1.4.jar:/home/marxj/.m2/repository/org/apache/commons/commons-lang3/3.7/commons-lang3-3.7.jar:/home/marxj/.m2/repository/org/apache/nifi/nifi-data-provenance-utils/1.9.2/nifi-data-provenance-utils-1.9.2.jar:/home/marxj/.m2/repository/org/apache/nifi/nifi-security-utils/1.9.2/nifi-security-utils-1.9.2.jar:/home/marxj/.m2/repository/commons-codec/commons-codec/1.11/commons-codec-1.11.jar:/home/marxj/.m2/repository/org/bouncycastle/bcpkix-jdk15on/1.60/bcpkix-jdk15on-1.60.jar:/home/marxj/.m2/repository/de/svenkubiak/jBCrypt/0.4.1/jBCrypt-0.4.1.jar:/home/marxj/.m2/repository/org/bouncycastle/bcprov-jdk15on/1.60/bcprov-jdk15on-1.60.jar:/home/marxj/.m2/repository/org/apache/nifi/nifi-properties-loader/1.9.2/nifi-properties-loader-1.9.2.jar:/home/marxj/.m2/repository/ch/qos/logback/logback-classic/1.2.3/logback-classic-1.2.3.jar:/home/marxj/.m2/repository/ch/qos/logback/logback-core/1.2.3/logback-core-1.2.3.jar:/home/marxj/.m2/repository/org/apache/nifi/nifi-properties/1.9.2/nifi-properties-1.9.2.jar:/home/marxj/.m2/repository/org/slf4j/slf4j-simple/1.7.25/slf4j-simple-1.7.25.jar:/home/marxj/.m2/repository/org/slf4j/slf4j-api/1.7.25/slf4j-api-1.7.25.jar:/home/marxj/.m2/repository/junit/junit/4.12/junit-4.12.jar:/home/marxj/.m2/repository/org/hamcrest/hamcrest-core/1.3/hamcrest-core-1.3.jar:/home/marxj/.m2/repository/org/snmp4j/snmp4j/1.10.1/snmp4j-1.10.1.jar:/home/marxj/.m2/repository/log4j/log4j/1.2.9/log4j-1.2.9.jar:/home/marxj/.m2/repository/org/apache/nifi/nifi-snmp-processors/1.9.2/nifi-snmp-processors-1.9.2.jar:/home/marxj/.m2/repository/org/mockito/mockito-core/1.10.19/mockito-core-1.10.19.jar:/home/marxj/.m2/repository/org/objenesis/objenesis/2.1/objenesis-2.1.jar:/home/marxj/.m2/repository/org/codehaus/groovy/groovy-all/2.4.13/groovy-all-2.4.13.jar:"/>
    <property name="java.vm.vendor" value="Oracle Corporation"/>
    <property name="sun.arch.data.model" value="64"/>
    <property name="java.vendor.url" value="http://java.oracle.com/"/>
    <property name="user.timezone" value=""/>
    <property name="java.vm.specification.version" value="1.8"/>
    <property name="os.name" value="Linux"/>
    <property name="user.country" value="HU"/>
    <property name="sun.java.launcher" value="SUN_STANDARD"/>
    <property name="sun.boot.library.path" value="/usr/lib/jvm/java-8-openjdk-amd64/jre/lib/amd64"/>
    <property name="sun.java.command" value="/home/marxj/Asztal/Egyetem/2018-2019-2/szakdolgozat/TrapSNMP_2/nifi-SNMP-processors/target/surefire/surefirebooter8573013940302403645.jar /home/marxj/Asztal/Egyetem/2018-2019-2/szakdolgozat/TrapSNMP_2/nifi-SNMP-processors/target/surefire 2019-05-19T14-14-14_129-jvmRun1 surefire4089999299647294946tmp surefire_04266706234449586862tmp"/>
    <property name="surefire.test.class.path" value="/home/marxj/Asztal/Egyetem/2018-2019-2/szakdolgozat/TrapSNMP_2/nifi-SNMP-processors/target/test-classes:/home/marxj/Asztal/Egyetem/2018-2019-2/szakdolgozat/TrapSNMP_2/nifi-SNMP-processors/target/classes:/home/marxj/.m2/repository/org/apache/nifi/nifi-api/1.9.2/nifi-api-1.9.2.jar:/home/marxj/.m2/repository/org/apache/nifi/nifi-utils/1.9.2/nifi-utils-1.9.2.jar:/home/marxj/.m2/repository/org/apache/nifi/nifi-mock/1.9.2/nifi-mock-1.9.2.jar:/home/marxj/.m2/repository/org/apache/nifi/nifi-framework-api/1.9.2/nifi-framework-api-1.9.2.jar:/home/marxj/.m2/repository/org/apache/nifi/nifi-expression-language/1.9.2/nifi-expression-language-1.9.2.jar:/home/marxj/.m2/repository/org/antlr/antlr-runtime/3.5.2/antlr-runtime-3.5.2.jar:/home/marxj/.m2/repository/com/jayway/jsonpath/json-path/2.4.0/json-path-2.4.0.jar:/home/marxj/.m2/repository/net/minidev/json-smart/2.3/json-smart-2.3.jar:/home/marxj/.m2/repository/net/minidev/accessors-smart/1.2/accessors-smart-1.2.jar:/home/marxj/.m2/repository/org/ow2/asm/asm/5.0.4/asm-5.0.4.jar:/home/marxj/.m2/repository/com/fasterxml/jackson/core/jackson-databind/2.9.7/jackson-databind-2.9.7.jar:/home/marxj/.m2/repository/com/fasterxml/jackson/core/jackson-annotations/2.9.0/jackson-annotations-2.9.0.jar:/home/marxj/.m2/repository/com/fasterxml/jackson/core/jackson-core/2.9.7/jackson-core-2.9.7.jar:/home/marxj/.m2/repository/org/apache/commons/commons-text/1.4/commons-text-1.4.jar:/home/marxj/.m2/repository/org/apache/commons/commons-lang3/3.7/commons-lang3-3.7.jar:/home/marxj/.m2/repository/org/apache/nifi/nifi-data-provenance-utils/1.9.2/nifi-data-provenance-utils-1.9.2.jar:/home/marxj/.m2/repository/org/apache/nifi/nifi-security-utils/1.9.2/nifi-security-utils-1.9.2.jar:/home/marxj/.m2/repository/commons-codec/commons-codec/1.11/commons-codec-1.11.jar:/home/marxj/.m2/repository/org/bouncycastle/bcpkix-jdk15on/1.60/bcpkix-jdk15on-1.60.jar:/home/marxj/.m2/repository/de/svenkubiak/jBCrypt/0.4.1/jBCrypt-0.4.1.jar:/home/marxj/.m2/repository/org/bouncycastle/bcprov-jdk15on/1.60/bcprov-jdk15on-1.60.jar:/home/marxj/.m2/repository/org/apache/nifi/nifi-properties-loader/1.9.2/nifi-properties-loader-1.9.2.jar:/home/marxj/.m2/repository/ch/qos/logback/logback-classic/1.2.3/logback-classic-1.2.3.jar:/home/marxj/.m2/repository/ch/qos/logback/logback-core/1.2.3/logback-core-1.2.3.jar:/home/marxj/.m2/repository/org/apache/nifi/nifi-properties/1.9.2/nifi-properties-1.9.2.jar:/home/marxj/.m2/repository/org/slf4j/slf4j-simple/1.7.25/slf4j-simple-1.7.25.jar:/home/marxj/.m2/repository/org/slf4j/slf4j-api/1.7.25/slf4j-api-1.7.25.jar:/home/marxj/.m2/repository/junit/junit/4.12/junit-4.12.jar:/home/marxj/.m2/repository/org/hamcrest/hamcrest-core/1.3/hamcrest-core-1.3.jar:/home/marxj/.m2/repository/org/snmp4j/snmp4j/1.10.1/snmp4j-1.10.1.jar:/home/marxj/.m2/repository/log4j/log4j/1.2.9/log4j-1.2.9.jar:/home/marxj/.m2/repository/org/apache/nifi/nifi-snmp-processors/1.9.2/nifi-snmp-processors-1.9.2.jar:/home/marxj/.m2/repository/org/mockito/mockito-core/1.10.19/mockito-core-1.10.19.jar:/home/marxj/.m2/repository/org/objenesis/objenesis/2.1/objenesis-2.1.jar:/home/marxj/.m2/repository/org/codehaus/groovy/groovy-all/2.4.13/groovy-all-2.4.13.jar:"/>
    <property name="sun.cpu.endian" value="little"/>
    <property name="user.home" value="/home/marxj"/>
    <property name="user.language" value="hu"/>
    <property name="java.specification.vendor" value="Oracle Corporation"/>
    <property name="java.home" value="/usr/lib/jvm/java-8-openjdk-amd64/jre"/>
    <property name="basedir" value="/home/marxj/Asztal/Egyetem/2018-2019-2/szakdolgozat/TrapSNMP_2/nifi-SNMP-processors"/>
    <property name="file.separator" value="/"/>
    <property name="line.separator" value="&#10;"/>
    <property name="java.vm.specification.vendor" value="Oracle Corporation"/>
    <property name="java.specification.name" value="Java Platform API Specification"/>
    <property name="java.awt.graphicsenv" value="sun.awt.X11GraphicsEnvironment"/>
    <property name="java.awt.headless" value="true"/>
    <property name="surefire.real.class.path" value="/home/marxj/Asztal/Egyetem/2018-2019-2/szakdolgozat/TrapSNMP_2/nifi-SNMP-processors/target/surefire/surefirebooter8573013940302403645.jar"/>
    <property name="sun.boot.class.path" value="/usr/lib/jvm/java-8-openjdk-amd64/jre/lib/resources.jar:/usr/lib/jvm/java-8-openjdk-amd64/jre/lib/rt.jar:/usr/lib/jvm/java-8-openjdk-amd64/jre/lib/sunrsasign.jar:/usr/lib/jvm/java-8-openjdk-amd64/jre/lib/jsse.jar:/usr/lib/jvm/java-8-openjdk-amd64/jre/lib/jce.jar:/usr/lib/jvm/java-8-openjdk-amd64/jre/lib/charsets.jar:/usr/lib/jvm/java-8-openjdk-amd64/jre/lib/jfr.jar:/usr/lib/jvm/java-8-openjdk-amd64/jre/classes"/>
    <property name="sun.management.compiler" value="HotSpot 64-Bit Tiered Compilers"/>
    <property name="java.runtime.version" value="1.8.0_212-8u212-b03-0ubuntu1.18.04.1-b03"/>
    <property name="java.net.preferIPv4Stack" value="true"/>
    <property name="user.name" value="marxj"/>
    <property name="path.separator" value=":"/>
    <property name="os.version" value="4.15.0-50-generic"/>
    <property name="java.endorsed.dirs" value="/usr/lib/jvm/java-8-openjdk-amd64/jre/lib/endorsed"/>
    <property name="java.runtime.name" value="OpenJDK Runtime Environment"/>
    <property name="file.encoding" value="UTF-8"/>
    <property name="java.vm.name" value="OpenJDK 64-Bit Server VM"/>
    <property name="localRepository" value="/home/marxj/.m2/repository"/>
    <property name="java.vendor.url.bug" value="http://bugreport.sun.com/bugreport/"/>
    <property name="java.io.tmpdir" value="/tmp"/>
    <property name="java.version" value="1.8.0_212"/>
    <property name="user.dir" value="/home/marxj/Asztal/Egyetem/2018-2019-2/szakdolgozat/TrapSNMP_2/nifi-SNMP-processors"/>
    <property name="os.arch" value="amd64"/>
    <property name="java.vm.specification.name" value="Java Virtual Machine Specification"/>
    <property name="java.awt.printerjob" value="sun.print.PSPrinterJob"/>
    <property name="sun.os.patch.level" value="unknown"/>
    <property name="java.library.path" value="/usr/java/packages/lib/amd64:/usr/lib/x86_64-linux-gnu/jni:/lib/x86_64-linux-gnu:/usr/lib/x86_64-linux-gnu:/usr/lib/jni:/lib:/usr/lib"/>
    <property name="java.vm.info" value="mixed mode"/>
    <property name="java.vendor" value="Oracle Corporation"/>
    <property name="java.vm.version" value="25.212-b03"/>
    <property name="java.ext.dirs" value="/usr/lib/jvm/java-8-openjdk-amd64/jre/lib/ext:/usr/java/packages/lib/ext"/>
    <property name="sun.io.unicode.encoding" value="UnicodeLittle"/>
    <property name="java.class.version" value="52.0"/>
  </properties>
  <testcase name="testProcessor" classname="rocks.nifi.processors.SNMP.TrapSNMPTest" time="0.332"/>
</testsuite>